TN:
SF:/home/alan/workspace/todo-api/server.js
FN:29,(anonymous_0)
FNF:1
FNH:1
FNDA:1,(anonymous_0)
DA:1,1
DA:2,1
DA:3,1
DA:4,1
DA:5,1
DA:6,1
DA:8,1
DA:10,1
DA:11,1
DA:12,1
DA:14,1
DA:17,1
DA:20,1
DA:22,1
DA:23,1
DA:28,1
DA:29,1
DA:30,1
DA:33,1
LF:19
LH:19
BRDA:22,0,0,1
BRDA:22,0,1,0
BRDA:28,1,0,0
BRDA:28,1,1,1
BRDA:28,2,0,0
BRDA:28,2,1,0
BRF:6
BRH:2
end_of_record
TN:
SF:/home/alan/workspace/todo-api/_helpers/db.js
FNF:0
FNH:0
DA:1,1
DA:2,1
DA:4,1
DA:5,1
DA:7,1
LF:5
LH:5
BRDA:4,0,0,1
BRDA:4,0,1,1
BRF:2
BRH:2
end_of_record
TN:
SF:/home/alan/workspace/todo-api/_helpers/jwt.js
FN:6,jwt
FNF:1
FNH:1
FNDA:1,jwt
DA:1,1
DA:2,1
DA:4,1
DA:9,1
DA:12,1
LF:5
LH:5
BRF:0
BRH:0
end_of_record
TN:
SF:/home/alan/workspace/todo-api/users/user.controller.js
FN:14,authenticate
FN:16,(anonymous_1)
FN:17,(anonymous_2)
FN:20,register
FN:22,(anonymous_4)
FN:23,(anonymous_5)
FN:26,getProfile
FN:32,(anonymous_7)
FN:33,(anonymous_8)
FNF:9
FNH:6
FNDA:2,authenticate
FNDA:1,(anonymous_1)
FNDA:1,(anonymous_2)
FNDA:2,register
FNDA:1,(anonymous_4)
FNDA:1,(anonymous_5)
FNDA:0,getProfile
FNDA:0,(anonymous_7)
FNDA:0,(anonymous_8)
DA:1,1
DA:2,1
DA:3,1
DA:4,1
DA:8,1
DA:9,1
DA:10,1
DA:12,1
DA:15,2
DA:16,1
DA:17,1
DA:21,2
DA:22,1
DA:23,1
DA:28,0
DA:29,0
DA:31,0
DA:32,0
DA:33,0
LF:19
LH:14
BRF:0
BRH:0
end_of_record
TN:
SF:/home/alan/workspace/todo-api/users/user.model.js
FN:22,(anonymous_0)
FN:33,(anonymous_1)
FN:37,(anonymous_2)
FN:43,(anonymous_3)
FNF:4
FNH:3
FNDA:3,(anonymous_0)
FNDA:1,(anonymous_1)
FNDA:4,(anonymous_2)
FNDA:0,(anonymous_3)
DA:1,1
DA:2,1
DA:3,1
DA:4,1
DA:5,1
DA:7,1
DA:9,1
DA:20,1
DA:22,1
DA:23,3
DA:28,3
DA:30,3
DA:33,1
DA:34,1
DA:37,1
DA:38,4
DA:39,4
DA:40,4
DA:43,1
DA:44,0
DA:45,0
DA:46,0
DA:47,0
DA:48,0
DA:51,1
LF:25
LH:20
BRF:0
BRH:0
end_of_record
TN:
SF:/home/alan/workspace/todo-api/users/user.service.js
FN:12,authenticate
FN:25,create
FN:42,getProfile
FNF:3
FNH:2
FNDA:2,authenticate
FNDA:2,create
FNDA:0,getProfile
DA:1,1
DA:2,1
DA:4,1
DA:6,1
DA:14,2
DA:16,2
DA:17,1
DA:18,1
DA:19,1
DA:21,1
DA:28,2
DA:29,1
DA:32,1
DA:35,1
DA:36,1
DA:38,1
DA:39,1
DA:43,0
LF:18
LH:17
BRDA:16,0,0,1
BRDA:16,0,1,1
BRDA:16,1,0,2
BRDA:16,1,1,1
BRDA:28,2,0,1
BRDA:28,2,1,1
BRF:6
BRH:6
end_of_record
